{"name": "Verify create booking with invalid data name", "status": "failed", "statusDetails": {"message": "AssertionError: assert (1 * 1) == 2", "trace": "@allure.title(\"Verify create booking with invalid data name\")\n    @allure.description(\"Verify create booking feature for negative create booking name\")\n    @pytest.mark.negative\n    def test_method3():\n        print(\"test 3\")\n>       assert 1*1 == 2\nE       assert (1 * 1) == 2\n\nLab029_PyTest\\test_ex172_allure_use.py:24: AssertionError"}, "description": "Verify create booking feature for negative create booking name", "attachments": [{"name": "stdout", "source": "cd1f2435-db60-4f2f-a199-d6e65800183b-attachment.txt", "type": "text/plain"}], "start": 1765721012341, "stop": 1765721012341, "uuid": "29b89254-8292-4d85-a594-3ffb21a4cbd2", "historyId": "5150872c65dda6f9f7d5c9446542501e", "testCaseId": "5150872c65dda6f9f7d5c9446542501e", "fullName": "Lab029_PyTest.test_ex172_allure_use#test_method3", "labels": [{"name": "tag", "value": "negative"}, {"name": "parentSuite", "value": "Lab029_PyTest"}, {"name": "suite", "value": "test_ex172_allure_use"}, {"name": "host", "value": "Satvik"}, {"name": "thread", "value": "14704-MainThread"}, {"name": "framework", "value": "pytest"}, {"name": "language", "value": "cpython3"}, {"name": "package", "value": "Lab029_PyTest.test_ex172_allure_use"}], "titlePath": ["Lab029_PyTest", "test_ex172_allure_use.py"]}